[10:00:51] [main/INFO]: Setting user: Player625
[10:00:53] [Client thread/INFO]: LWJGL Version: 2.9.1
[10:00:59] [Client thread/INFO]: Reloading ResourceManager: Default, FMLFileResourcePack:Forge Mod Loader, FMLFileResourcePack:Minecraft Forge, FMLFileResourcePack:Test Mod
[10:01:00] [Sound Library Loader/INFO]: Sound engine started
[10:01:02] [Client thread/INFO]: Created: 512x256 textures/blocks-atlas
[10:01:02] [Client thread/INFO]: Created: 256x256 textures/items-atlas
[10:01:02] [Client thread/INFO]: Reloading ResourceManager: Default, FMLFileResourcePack:Forge Mod Loader, FMLFileResourcePack:Minecraft Forge, FMLFileResourcePack:Test Mod
[10:01:03] [Client thread/INFO]: Created: 512x256 textures/blocks-atlas
[10:01:03] [Client thread/INFO]: Created: 256x256 textures/items-atlas
[10:01:04] [Sound Library Loader/INFO]: Sound engine started
[10:01:19] [Server thread/INFO]: Starting integrated minecraft server version 1.7.10
[10:01:19] [Server thread/INFO]: Generating keypair
[10:01:19] [Server thread/INFO]: Preparing start region for level 0
[10:01:20] [Server thread/INFO]: Changing view distance to 12, from 10
[10:01:21] [Server thread/INFO]: Player625[local:E:708cd885] logged in with entity id 190 at (1580.6040867722159, 4.0, -1153.176700134338)
[10:01:21] [Server thread/INFO]: Player625 joined the game
[10:03:01] [Server thread/INFO]: Saving and pausing game...
[10:03:01] [Server thread/INFO]: Saving chunks for level 'New World'/Overworld
[10:03:01] [Server thread/INFO]: Saving chunks for level 'New World'/Nether
[10:03:02] [Server thread/INFO]: Saving chunks for level 'New World'/The End
[10:03:02] [Client thread/INFO]: Stopping!
[10:03:02] [Server thread/INFO]: Stopping server
[10:03:02] [Server thread/INFO]: Saving players
[10:03:02] [Server thread/INFO]: Saving worlds
[10:03:02] [Server thread/INFO]: Saving chunks for level 'New World'/Overworld
[10:03:02] [Server thread/INFO]: Saving chunks for level 'New World'/Nether
[10:03:02] [Server thread/INFO]: Saving chunks for level 'New World'/The End
